#
# A fatal error has been detected by the Java Runtime Environment:
#
#  EXCEPTION_ACCESS_VIOLATION (0xc0000005) at pc=0x000000006d372bfe, pid=7932, tid=9044
#
# JRE version: 6.0_45-b06
# Java VM: Java HotSpot(TM) 64-Bit Server VM (20.45-b01 mixed mode windows-amd64 compressed oops)
# Problematic frame:
# C  [fontmanager.dll+0x32bfe]
#
# If you would like to submit a bug report, please visit:
#   http://java.sun.com/webapps/bugreport/crash.jsp
# The crash happened outside the Java Virtual Machine in native code.
# See problematic frame for where to report the bug.
#

---------------  T H R E A D  ---------------

Current thread (0x000000000262e800):  JavaThread "AWT-EventQueue-0" [_thread_in_native, id=9044, stack(0x00000000082e0000,0x00000000083e0000)]

siginfo: ExceptionCode=0xc0000005, reading address 0x000000000970e19b

Registers:
RAX=0x000000000000d500, RBX=0x0000000000000100, RCX=0x000000000970e19b, RDX=0x0000000000000061
RSP=0x00000000083dbf30, RBP=0x0000000000000061, RSI=0x00000000083dc950, RDI=0x0000000009700c9b
R8 =0x00000000083dc950, R9 =0x00000000083dbff0, R10=0x000000000000a007, R11=0x000000000000a000
R12=0x0000000000000009, R13=0x00000000083dc4c0, R14=0x00000000083dc924, R15=0x0000000000000061
RIP=0x000000006d372bfe, EFLAGS=0x0000000000010206

Top of Stack: (sp=0x00000000083dbf30)
0x00000000083dbf30:   00000000083dc924 000000006d37c2a8
0x00000000083dbf40:   00000000ef85454b 000000077c7a2391
0x00000000083dbf50:   0000000000000100 000000006d37c4aa
0x00000000083dbf60:   00000000083dc950 0000000747504f53
0x00000000083dbf70:   00000000083dc008 0000000009700e9c
0x00000000083dbf80:   000000000000c848 00000000083dc4c0
0x00000000083dbf90:   00000000083dc950 0000000009700a9a
0x00000000083dbfa0:   00000000083dc1f0 000000006d37c5b0
0x00000000083dbfb0:   0000000000000029 0000000000000000
0x00000000083dbfc0:   00000000083dbfb0 000000006daae6e3
0x00000000083dbfd0:   00000000083dbff0 000000077cc9c738
0x00000000083dbfe0:   0000000000000000 000000077cc9bc10
0x00000000083dbff0:   4495400044948000 0000000000000000
0x00000000083dc000:   0000000000000000 00000000083dc950
0x00000000083dc010:   0000000047504f53 00000000083dc1f0
0x00000000083dc020:   0000000009700a9a 000000000000cc4a 

Instructions: (pc=0x000000006d372bfe)
0x000000006d372bde:   50 4c 8b c5 48 8b cb ff 90 b0 00 00 00 48 83 c4
0x000000006d372bee:   20 41 5c 5f 5e 5d 5b c3 cc cc 48 53 48 83 ec 20
0x000000006d372bfe:   44 0f b7 11 49 8b d8 41 0f b7 c2 66 41 c1 e2 08
0x000000006d372c0e:   66 c1 e8 08 44 0f b6 d8 41 0f b7 c2 44 0b d8 41 


Register to memory mapping:

RAX=0x000000000000d500 is an unknown value
RBX=0x0000000000000100 is an unknown value
RCX=0x000000000970e19b is an unknown value
RDX=0x0000000000000061 is an unknown value
RSP=0x00000000083dbf30 is pointing into the stack for thread: 0x000000000262e800
RBP=0x0000000000000061 is an unknown value
RSI=0x00000000083dc950 is pointing into the stack for thread: 0x000000000262e800
RDI=0x0000000009700c9b is an unknown value
R8 =0x00000000083dc950 is pointing into the stack for thread: 0x000000000262e800
R9 =0x00000000083dbff0 is pointing into the stack for thread: 0x000000000262e800
R10=0x000000000000a007 is an unknown value
R11=0x000000000000a000 is an unknown value
R12=0x0000000000000009 is an unknown value
R13=0x00000000083dc4c0 is pointing into the stack for thread: 0x000000000262e800
R14=0x00000000083dc924 is pointing into the stack for thread: 0x000000000262e800
R15=0x0000000000000061 is an unknown value


Stack: [0x00000000082e0000,0x00000000083e0000],  sp=0x00000000083dbf30,  free space=1007k
Native frames: (J=compiled Java code, j=interpreted, Vv=VM code, C=native code)
C  [fontmanager.dll+0x32bfe]  Java_sun_font_FileFontStrike__1getGlyphImageFromWindows+0x599e

Java frames: (J=compiled Java code, j=interpreted, Vv=VM code)
j  sun.font.SunLayoutEngine.nativeLayout(Lsun/font/Font2D;Lsun/font/FontStrike;[FII[CIIIIIIILjava/awt/geom/Point2D$Float;Lsun/font/GlyphLayout$GVData;)V+0
j  sun.font.SunLayoutEngine.layout(Lsun/font/FontStrikeDesc;[FIILsun/font/TextRecord;ILjava/awt/geom/Point2D$Float;Lsun/font/GlyphLayout$GVData;)V+70
j  sun.font.GlyphLayout$EngineRecord.layout()V+95
j  sun.font.GlyphLayout.layout(Ljava/awt/Font;Ljava/awt/font/FontRenderContext;[CIIILsun/font/StandardGlyphVector;)Lsun/font/StandardGlyphVector;+541
j  sun.font.ExtendedTextSourceLabel.createGV()Lsun/font/StandardGlyphVector;+63
j  sun.font.ExtendedTextSourceLabel.getGV()Lsun/font/StandardGlyphVector;+9
j  sun.font.ExtendedTextSourceLabel.createCharinfo()[F+1
j  sun.font.ExtendedTextSourceLabel.getCharinfo()[F+9
j  sun.font.ExtendedTextSourceLabel.getLineBreakIndex(IF)I+1
j  java.awt.font.TextMeasurer.calcLineBreak(IF)I+96
j  java.awt.font.TextMeasurer.getLineBreakIndex(IF)I+38
j  java.awt.font.LineBreakMeasurer.nextOffset(FIZ)I+44
j  java.awt.font.LineBreakMeasurer.nextLayout(FIZ)Ljava/awt/font/TextLayout;+15
j  javax.swing.text.TextLayoutStrategy.sync(Ljavax/swing/text/FlowView;)V+151
j  javax.swing.text.TextLayoutStrategy.insertUpdate(Ljavax/swing/text/FlowView;Ljavax/swing/event/DocumentEvent;Ljava/awt/Rectangle;)V+2
j  javax.swing.text.FlowView.loadChildren(Ljavax/swing/text/ViewFactory;)V+37
j  javax.swing.text.CompositeView.setParent(Ljavax/swing/text/View;)V+23
j  javax.swing.text.FlowView.setParent(Ljavax/swing/text/View;)V+2
j  javax.swing.plaf.basic.BasicTextAreaUI$PlainParagraph.setParent(Ljavax/swing/text/View;)V+2
j  javax.swing.text.CompositeView.replace(II[Ljavax/swing/text/View;)V+227
j  javax.swing.text.BoxView.replace(II[Ljavax/swing/text/View;)V+4
j  javax.swing.text.CompositeView.loadChildren(Ljavax/swing/text/ViewFactory;)V+66
j  javax.swing.text.CompositeView.setParent(Ljavax/swing/text/View;)V+23
j  javax.swing.plaf.basic.BasicTextUI$RootView.setView(Ljavax/swing/text/View;)V+25
j  javax.swing.plaf.basic.BasicTextUI.setView(Ljavax/swing/text/View;)V+5
j  javax.swing.plaf.basic.BasicTextUI.modelChanged()V+31
j  javax.swing.plaf.basic.BasicTextUI$UpdateHandler.insertUpdate(Ljavax/swing/event/DocumentEvent;)V+54
j  javax.swing.text.AbstractDocument.fireInsertUpdate(Ljavax/swing/event/DocumentEvent;)V+40
j  javax.swing.text.AbstractDocument.handleInsertString(ILjava/lang/String;Ljavax/swing/text/AttributeSet;)V+150
j  javax.swing.text.AbstractDocument.insertString(ILjava/lang/String;Ljavax/swing/text/AttributeSet;)V+46
j  javax.swing.text.PlainDocument.insertString(ILjava/lang/String;Ljavax/swing/text/AttributeSet;)V+104
j  javax.swing.JTextArea.append(Ljava/lang/String;)V+18
j  com.nic.show.MyInterface$10.mouseClicked(Ljava/awt/event/MouseEvent;)V+312
j  java.awt.AWTEventMulticaster.mouseClicked(Ljava/awt/event/MouseEvent;)V+21
j  java.awt.Component.processMouseEvent(Ljava/awt/event/MouseEvent;)V+74
j  javax.swing.JComponent.processMouseEvent(Ljava/awt/event/MouseEvent;)V+23
j  java.awt.Component.processEvent(Ljava/awt/AWTEvent;)V+81
j  java.awt.Container.processEvent(Ljava/awt/AWTEvent;)V+18
j  java.awt.Component.dispatchEventImpl(Ljava/awt/AWTEvent;)V+573
j  java.awt.Container.dispatchEventImpl(Ljava/awt/AWTEvent;)V+42
J  java.awt.LightweightDispatcher.retargetMouseEvent(Ljava/awt/Component;ILjava/awt/event/MouseEvent;)V
j  java.awt.LightweightDispatcher.processMouseEvent(Ljava/awt/event/MouseEvent;)Z+157
j  java.awt.LightweightDispatcher.dispatchEvent(Ljava/awt/AWTEvent;)Z+50
j  java.awt.Container.dispatchEventImpl(Ljava/awt/AWTEvent;)V+12
j  java.awt.Window.dispatchEventImpl(Ljava/awt/AWTEvent;)V+65
J  java.awt.EventQueue.access$400(Ljava/awt/EventQueue;Ljava/awt/AWTEvent;Ljava/lang/Object;)V
j  java.awt.EventQueue$2.run()Ljava/lang/Void;+12
j  java.awt.EventQueue$2.run()Ljava/lang/Object;+1
v  ~StubRoutines::call_stub
J  java.security.AccessController.doPrivileged(Ljava/security/PrivilegedAction;Ljava/security/AccessControlContext;)Ljava/lang/Object;
j  java.security.AccessControlContext$1.doIntersectionPrivilege(Ljava/security/PrivilegedAction;Ljava/security/AccessControlContext;Ljava/security/AccessControlContext;)Ljava/lang/Object;+28
j  java.security.AccessControlContext$1.doIntersectionPrivilege(Ljava/security/PrivilegedAction;Ljava/security/AccessControlContext;)Ljava/lang/Object;+6
j  java.awt.EventQueue$3.run()Ljava/lang/Void;+11
j  java.awt.EventQueue$3.run()Ljava/lang/Object;+1
v  ~StubRoutines::call_stub
J  java.security.AccessController.doPrivileged(Ljava/security/PrivilegedAction;Ljava/security/AccessControlContext;)Ljava/lang/Object;
J  java.awt.EventDispatchThread.pumpOneEventForFilters(I)Z
j  java.awt.EventDispatchThread.pumpEventsForFilter(ILjava/awt/Conditional;Ljava/awt/EventFilter;)V+30
j  java.awt.EventDispatchThread.pumpEventsForHierarchy(ILjava/awt/Conditional;Ljava/awt/Component;)V+11
j  java.awt.EventDispatchThread.pumpEvents(ILjava/awt/Conditional;)V+4
j  java.awt.EventDispatchThread.pumpEvents(Ljava/awt/Conditional;)V+3
j  java.awt.EventDispatchThread.run()V+9
v  ~StubRoutines::call_stub

---------------  P R O C E S S  ---------------

Java Threads: ( => current thread )
  0x0000000006b1b800 JavaThread "Thread-6" [_thread_blocked, id=14236, stack(0x0000000000640000,0x0000000000740000)]
  0x0000000002630800 JavaThread "Thread-4" [_thread_blocked, id=8548, stack(0x00000000091e0000,0x00000000092e0000)]
  0x0000000002629800 JavaThread "Thread-3" [_thread_blocked, id=14376, stack(0x00000000090e0000,0x00000000091e0000)]
  0x0000000002630000 JavaThread "TimerQueue" daemon [_thread_blocked, id=19836, stack(0x0000000008fe0000,0x00000000090e0000)]
  0x000000000262f000 JavaThread "DestroyJavaVM" [_thread_blocked, id=16128, stack(0x0000000002430000,0x0000000002530000)]
=>0x000000000262e800 JavaThread "AWT-EventQueue-0" [_thread_in_native, id=9044, stack(0x00000000082e0000,0x00000000083e0000)]
  0x000000000262d800 JavaThread "AWT-Windows" daemon [_thread_in_native, id=12276, stack(0x00000000075a0000,0x00000000076a0000)]
  0x000000000262d000 JavaThread "AWT-Shutdown" [_thread_blocked, id=15080, stack(0x00000000074a0000,0x00000000075a0000)]
  0x000000000262c800 JavaThread "Java2D Disposer" daemon [_thread_blocked, id=15480, stack(0x00000000073a0000,0x00000000074a0000)]
  0x000000000262b000 JavaThread "Low Memory Detector" daemon [_thread_blocked, id=5332, stack(0x0000000007060000,0x0000000007160000)]
  0x000000000263f000 JavaThread "C2 CompilerThread1" daemon [_thread_blocked, id=5392, stack(0x0000000006f60000,0x0000000007060000)]
  0x0000000002638000 JavaThread "C2 CompilerThread0" daemon [_thread_blocked, id=18332, stack(0x0000000006e60000,0x0000000006f60000)]
  0x000000000262b800 JavaThread "Attach Listener" daemon [_thread_blocked, id=14980, stack(0x0000000006d60000,0x0000000006e60000)]
  0x000000000262a000 JavaThread "Signal Dispatcher" daemon [_thread_blocked, id=11068, stack(0x0000000006c60000,0x0000000006d60000)]
  0x0000000002617800 JavaThread "Finalizer" daemon [_thread_blocked, id=16916, stack(0x0000000006960000,0x0000000006a60000)]
  0x000000000260f000 JavaThread "Reference Handler" daemon [_thread_blocked, id=2748, stack(0x0000000006860000,0x0000000006960000)]

Other Threads:
  0x0000000002608800 VMThread [stack: 0x0000000006760000,0x0000000006860000] [id=6324]
  0x0000000002648800 WatcherThread [stack: 0x0000000007160000,0x0000000007260000] [id=19712]

VM state:not at safepoint (normal execution)

VM Mutex/Monitor currently owned by a thread: None

Heap
 PSYoungGen      total 34304K, used 15383K [0x00000007d5c00000, 0x00000007d8210000, 0x0000000800000000)
  eden space 31680K, 40% used [0x00000007d5c00000,0x00000007d6879d68,0x00000007d7af0000)
  from space 2624K, 99% used [0x00000007d7bb0000,0x00000007d7e3bf28,0x00000007d7e40000)
  to   space 3648K, 0% used [0x00000007d7e80000,0x00000007d7e80000,0x00000007d8210000)
 PSOldGen        total 86528K, used 0K [0x0000000781400000, 0x0000000786880000, 0x00000007d5c00000)
  object space 86528K, 0% used [0x0000000781400000,0x0000000781400000,0x0000000786880000)
 PSPermGen       total 21248K, used 14233K [0x000000077c200000, 0x000000077d6c0000, 0x0000000781400000)
  object space 21248K, 66% used [0x000000077c200000,0x000000077cfe6410,0x000000077d6c0000)

Code Cache  [0x0000000002650000, 0x00000000028c0000, 0x0000000005650000)
 total_blobs=792 nmethods=365 adapters=379 free_code_cache=48898880 largest_free_block=56064

Dynamic libraries:
0x0000000000400000 - 0x000000000042f000 	C:\Program Files\Java\jdk1.6.0_45\bin\javaw.exe
0x00007ffa193b0000 - 0x00007ffa195a5000 	C:\Windows\SYSTEM32\ntdll.dll
0x00007ffa18db0000 - 0x00007ffa18e6e000 	C:\Windows\System32\KERNEL32.DLL
0x00007ffa17140000 - 0x00007ffa17408000 	C:\Windows\System32\KERNELBASE.dll
0x00007ffa192c0000 - 0x00007ffa1936e000 	C:\Windows\System32\ADVAPI32.dll
0x00007ffa17fe0000 - 0x00007ffa1807e000 	C:\Windows\System32\msvcrt.dll
0x00007ffa18ce0000 - 0x00007ffa18d7c000 	C:\Windows\System32\sechost.dll
0x00007ffa18080000 - 0x00007ffa181a5000 	C:\Windows\System32\RPCRT4.dll
0x00007ffa17410000 - 0x00007ffa175b0000 	C:\Windows\System32\USER32.dll
0x00007ffa17110000 - 0x00007ffa17132000 	C:\Windows\System32\win32u.dll
0x00007ffa18d80000 - 0x00007ffa18dab000 	C:\Windows\System32\GDI32.dll
0x00007ffa16d00000 - 0x00007ffa16e0b000 	C:\Windows\System32\gdi32full.dll
0x00007ffa17070000 - 0x00007ffa1710d000 	C:\Windows\System32\msvcp_win.dll
0x00007ffa16c00000 - 0x00007ffa16d00000 	C:\Windows\System32\ucrtbase.dll
0x00007ffa176d0000 - 0x00007ffa17700000 	C:\Windows\System32\IMM32.DLL
0x000000006d8e0000 - 0x000000006e09c000 	C:\Program Files\Java\jdk1.6.0_45\jre\bin\server\jvm.dll
0x00007ff9ffdf0000 - 0x00007ff9ffe17000 	C:\Windows\SYSTEM32\WINMM.dll
0x000000006d850000 - 0x000000006d85e000 	C:\Program Files\Java\jdk1.6.0_45\jre\bin\verify.dll
0x000000006d460000 - 0x000000006d487000 	C:\Program Files\Java\jdk1.6.0_45\jre\bin\java.dll
0x000000006d8a0000 - 0x000000006d8b2000 	C:\Program Files\Java\jdk1.6.0_45\jre\bin\zip.dll
0x000000006d0a0000 - 0x000000006d264000 	C:\Program Files\Java\jdk1.6.0_45\jre\bin\awt.dll
0x00007ffa18b90000 - 0x00007ffa18cba000 	C:\Windows\System32\ole32.dll
0x00007ffa18f60000 - 0x00007ffa192b4000 	C:\Windows\System32\combase.dll
0x00007ff9ffb90000 - 0x00007ff9ffc24000 	C:\Windows\SYSTEM32\WINSPOOL.DRV
0x00007ffa181c0000 - 0x00007ffa18904000 	C:\Windows\System32\SHELL32.dll
0x00007ffa02750000 - 0x00007ffa029ea000 	C:\Windows\WinSxS\amd64_microsoft.windows.common-controls_6595b64144ccf1df_6.0.19041.1110_none_60b5254171f9507e\COMCTL32.dll
0x00007ffa12d70000 - 0x00007ffa12e00000 	C:\Windows\SYSTEM32\apphelp.dll
0x00007ffa14340000 - 0x00007ffa1436f000 	C:\Windows\system32\DWMAPI.DLL
0x00007ffa12e60000 - 0x00007ffa12efe000 	C:\Windows\system32\uxtheme.dll
0x000000006d340000 - 0x000000006d3b5000 	C:\Program Files\Java\jdk1.6.0_45\jre\bin\fontmanager.dll
0x00007ffa175b0000 - 0x00007ffa176c6000 	C:\Windows\System32\MSCTF.dll
0x00007ffa17d20000 - 0x00007ffa17ded000 	C:\Windows\System32\OLEAUT32.dll
0x00007ffa153c0000 - 0x00007ffa153d2000 	C:\Windows\SYSTEM32\kernel.appcore.dll
0x00007ffa16fe0000 - 0x00007ffa17062000 	C:\Windows\System32\bcryptPrimitives.dll
0x00007ffa17f80000 - 0x00007ffa17fd5000 	C:\Windows\System32\SHLWAPI.dll
0x00007ffa17ed0000 - 0x00007ffa17f7d000 	C:\Windows\System32\shcore.dll
0x00007ffa07330000 - 0x00007ffa0735b000 	C:\Program Files\Java\jdk1.6.0_45\jre\bin\Jpcap.dll
0x00007ffa18ef0000 - 0x00007ffa18f5b000 	C:\Windows\System32\WS2_32.dll
0x0000000180000000 - 0x0000000180065000 	C:\Windows\SYSTEM32\wpcap.dll
0x00007ffa15f30000 - 0x00007ffa15f6b000 	C:\Windows\SYSTEM32\IPHLPAPI.DLL
0x0000000007f90000 - 0x0000000007faf000 	C:\Windows\SYSTEM32\packet.dll
0x00007ffa0f980000 - 0x00007ffa0f98a000 	C:\Windows\SYSTEM32\VERSION.dll
0x00007ffa181b0000 - 0x00007ffa181b8000 	C:\Windows\System32\NSI.dll
0x00007ffa0cd70000 - 0x00007ffa0cd87000 	C:\Windows\SYSTEM32\dhcpcsvc6.DLL
0x00007ffa0e290000 - 0x00007ffa0e2ad000 	C:\Windows\SYSTEM32\dhcpcsvc.DLL
0x00007ffa15f80000 - 0x00007ffa1604a000 	C:\Windows\SYSTEM32\DNSAPI.dll
0x000000006d6c0000 - 0x000000006d6d7000 	C:\Program Files\Java\jdk1.6.0_45\jre\bin\net.dll
0x00007ffa16290000 - 0x00007ffa162fa000 	C:\Windows\system32\mswsock.dll
0x000000006d6e0000 - 0x000000006d6ec000 	C:\Program Files\Java\jdk1.6.0_45\jre\bin\nio.dll
0x00007ffa00760000 - 0x00007ffa00859000 	C:\Windows\SYSTEM32\textinputframework.dll
0x00007ffa127d0000 - 0x00007ffa12b2e000 	C:\Windows\System32\CoreUIComponents.dll
0x00007ffa12b30000 - 0x00007ffa12c22000 	C:\Windows\System32\CoreMessaging.dll
0x00007ffa157d0000 - 0x00007ffa15803000 	C:\Windows\SYSTEM32\ntmarta.dll
0x00007ffa11ca0000 - 0x00007ffa11df4000 	C:\Windows\SYSTEM32\wintypes.dll
0x00007ffa109d0000 - 0x00007ffa10a36000 	C:\Windows\system32\Oleacc.dll
0x00007ffa177f0000 - 0x00007ffa17899000 	C:\Windows\System32\clbcatq.dll
0x00007ffa01500000 - 0x00007ffa0153e000 	C:\Windows\system32\dataexchange.dll
0x00007ffa12260000 - 0x00007ffa12445000 	C:\Windows\system32\dcomp.dll
0x00007ffa13d00000 - 0x00007ffa13f64000 	C:\Windows\system32\d3d11.dll
0x00007ffa153e0000 - 0x00007ffa154d3000 	C:\Windows\system32\dxgi.dll
0x00007ffa0eda0000 - 0x00007ffa0efa1000 	C:\Windows\system32\twinapi.appcore.dll
0x00007ffa17d10000 - 0x00007ffa17d18000 	C:\Windows\System32\PSAPI.DLL

VM Arguments:
jvm_args: -Dfile.encoding=GBK -Xbootclasspath:C:\Program Files\Java\jdk1.6.0_45\jre\lib\resources.jar;C:\Program Files\Java\jdk1.6.0_45\jre\lib\rt.jar;C:\Program Files\Java\jdk1.6.0_45\jre\lib\jsse.jar;C:\Program Files\Java\jdk1.6.0_45\jre\lib\jce.jar;C:\Program Files\Java\jdk1.6.0_45\jre\lib\charsets.jar 
java_command: com.nic.main.Main
Launcher Type: SUN_STANDARD

Environment Variables:
JAVA_HOME=C:\Program Files\Java\jdk1.6.0_45
CLASSPATH=E:\Weka-3-8-4;
PATH=C:\Users\bingy\AppData\Local\Programs\Python\Python38\Scripts\;C:\Users\bingy\AppData\Local\Programs\Python\Python38\;C:\Program Files\NVIDIA GPU Computing Toolkit\CUDA\v9.0\bin;C:\Program Files\NVIDIA GPU Computing Toolkit\CUDA\v9.0\libnvvp;C:\Program Files\Python39\Scripts\;C:\Program Files\Python39\;C:\Program Files\Java\jdk-14.0.1\bin;C:\Windows\system32;C:\Windows;C:\Windows\System32\Wbem;C:\Windows\System32\WindowsPowerShell\v1.0\;C:\Windows\System32\OpenSSH\;E:\mysql-8.0.20-winx64\bin;D:\nodejs\node_global;E:\mongodb\bin;C:\Users\bingy\AppData\Local\Programs\Python\Python39;E:\opencv\build\x64\vc15;E:\opencv\build\x64\vc14;C:\Program Files (x86)\NVIDIA Corporation\PhysX\Common;C:\Program Files\NVIDIA GPU Computing Toolkit\CUDA\v9.0;C:\Program Files\NVIDIA GPU Computing Toolkit\CUDA\v9.0\bin;C:\Program Files\NVIDIA GPU Computing Toolkit\CUDA\v9.0\lib\x64;C:\Program Files\NVIDIA GPU Computing Toolkit\CUDA\v9.0\libnvvp;E:\mingw64\bin;C:\Program Files\CMake\bin;C:\Program Files\TortoiseSVN\bin;E:\php-7.4.23-Win32-vc15-x64;C:\ProgramData\ComposerSetup\bin;C:\Program Files\Git\cmd;C:\Program Files\Git LFS;C:\Program Files\Java\jdk1.6.0_45\bin;C:\Program Files\Java\jdk1.6.0_45\jre\bin;C:\Users\bingy\AppData\Local\Programs\Python\Python37\Scripts\;C:\Users\bingy\AppData\Local\Programs\Python\Python37\;C:\Users\bingy\Anaconda3\envs\python37\Scripts\;C:\Users\bingy\Anaconda3\envs\python37\;C:\Users\bingy\AppData\Local\Programs\Python\Python39\Scripts\;C:\Users\bingy\AppData\Local\Programs\Python\Python39\;C:\Users\bingy\AppData\Local\Microsoft\WindowsApps;C:\Users\bingy\AppData\Local\Programs\Microsoft VS Code\bin;E:\opencv\build\x64\vc15;E:\opencv\build\x64\vc14;C:\Users\bingy\AppData\Roaming\Composer\vendor\bin;D:\texlive\2021\bin\win32;D:\nodejs\node_global;
USERNAME=bingy
OS=Windows_NT
PROCESSOR_IDENTIFIER=Intel64 Family 6 Model 142 Stepping 9, GenuineIntel



---------------  S Y S T E M  ---------------

OS: Windows 8 , 64 bit Build 9200 

CPU:total 4 (2 cores per cpu, 2 threads per core) family 6 model 142 stepping 9, cmov, cx8, fxsr, mmx, sse, sse2, sse3, ssse3, sse4.1, sse4.2, popcnt, ht

Memory: 4k page, physical 8302500k(2195804k free), swap 12640996k(2626596k free)

vm_info: Java HotSpot(TM) 64-Bit Server VM (20.45-b01) for windows-amd64 JRE (1.6.0_45-b06), built on Apr  1 2013 12:31:37 by "java_re" with MS VC++ 8.0 (VS2005)

time: Thu Apr 14 13:16:12 2022
elapsed time: 137 seconds

